<?xml version="1.0" encoding="UTF-8"?>
<!-- Generated by org.testng.reporters.JUnitXMLReporter -->
<testsuite hostname="Santhosh" ignored="34" name="TestCases" tests="18" failures="4" timestamp="16 May 2017 13:24:19 GMT" time="410.781" errors="0">
  <testcase name="testAddBasePackValidationTest" time="17.347" classname="com.IMCL.tests.AddBasePackValidationTest"/>
  <testcase name="testIsBulkActivateButtonPresent" time="9.76" classname="com.IMCL.tests.AddAddOnPackValidationTest"/>
  <testcase name="testAddSchemeBasedPackValidationTest" time="2.699" classname="com.IMCL.tests.AddSchemeBasedPackValidationTest"/>
  <testcase name="testAddRenewPlanPageValidation" time="16.228" classname="com.IMCL.tests.AddRenewPlanPageValidationTest"/>
  <testcase name="testAddRenewHDBasePackPageValidationTest" time="8.357" classname="com.IMCL.tests.AddRenewHDBasePackPageValidationTest"/>
  <testcase name="testAddRenewChangeValidityPlanPageValidationTest" time="21.834" classname="com.IMCL.tests.AddRenewChangeValidityPlanPageValidationTest"/>
  <testcase name="testAddRenewChangeBasePackPlanValidationTest" time="47.605" classname="com.IMCL.tests.AddRenewChangeBasePackPlanValidationTest"/>
  <testcase name="testAddRenewScheduleAutoRenewPlanPageTest" time="20.658" classname="com.IMCL.tests.AddRenewScheduleAutoRenewPlanPageTest"/>
  <testcase name="testAddPlansDisconnectPlanPageTest" time="1.482" classname="com.IMCL.tests.AddPlansDisconnectPlanPageTest"/>
  <testcase name="testPlans_ReconnectThePlanPackTest" time="0.169" classname="com.IMCL.tests.Plans_ReconnectThePlanPackTest">
    <failure type="org.openqa.selenium.WebDriverException" message="unknown error: Element &amp;lt;a class=&amp;quot;dropdown-toggle&amp;quot; data-toggle=&amp;quot;dropdown&amp;quot; role=&amp;quot;button&amp;quot; href=&amp;quot;#&amp;quot;&amp;gt;...&amp;lt;/a&amp;gt; is not clickable at point (633, 36). Other element would receive the click: &amp;lt;div class=&amp;quot;loading&amp;quot;&amp;gt;&amp;lt;/div&amp;gt;
  (Session info: chrome=58.0.3029.96)
  (Driver info: chromedriver=2.28.455520 (cc17746adff54984afff480136733114c6b3704b),platform=Windows NT 6.1.7601 SP1 x86_64) (WARNING: The server did not provide any stacktrace information)
Command duration or timeout: 107 milliseconds
Build info: version: &amp;apos;unknown&amp;apos;, revision: &amp;apos;5234b32&amp;apos;, time: &amp;apos;2017-03-10 09:00:17 -0800&amp;apos;
System info: host: &amp;apos;SANTHOSH&amp;apos;, ip: &amp;apos;192.168.91.1&amp;apos;, os.name: &amp;apos;Windows 7&amp;apos;, os.arch: &amp;apos;amd64&amp;apos;, os.version: &amp;apos;6.1&amp;apos;, java.version: &amp;apos;1.8.0_121&amp;apos;
Driver info: org.openqa.selenium.chrome.ChromeDriver
Capabilities [{applicationCacheEnabled=false, rotatable=false, mobileEmulationEnabled=false, networkConnectionEnabled=false, chrome={chromedriverVersion=2.28.455520 (cc17746adff54984afff480136733114c6b3704b), userDataDir=C:\Users\Santhu\AppData\Local\Temp\scoped_dir3216_21522}, takesHeapSnapshot=true, pageLoadStrategy=normal, databaseEnabled=false, handlesAlerts=true, hasTouchScreen=false, version=58.0.3029.96, platform=XP, browserConnectionEnabled=false, nativeEvents=true, acceptSslCerts=true, locationContextEnabled=true, webStorageEnabled=true, browserName=chrome, takesScreenshot=true, javascriptEnabled=true, cssSelectorsEnabled=true, unexpectedAlertBehaviour=}]
Session ID: df189bb22aeb4d1541355c14610027d1">
      <![CDATA[org.openqa.selenium.WebDriverException: unknown error: Element <a class="dropdown-toggle" data-toggle="dropdown" role="button" href="#">...</a> is not clickable at point (633, 36). Other element would receive the click: <div class="loading"></div>
  (Session info: chrome=58.0.3029.96)
  (Driver info: chromedriver=2.28.455520 (cc17746adff54984afff480136733114c6b3704b),platform=Windows NT 6.1.7601 SP1 x86_64) (WARNING: The server did not provide any stacktrace information)
Command duration or timeout: 107 milliseconds
Build info: version: 'unknown', revision: '5234b32', time: '2017-03-10 09:00:17 -0800'
System info: host: 'SANTHOSH', ip: '192.168.91.1', os.name: 'Windows 7', os.arch: 'amd64', os.version: '6.1', java.version: '1.8.0_121'
Driver info: org.openqa.selenium.chrome.ChromeDriver
Capabilities [{applicationCacheEnabled=false, rotatable=false, mobileEmulationEnabled=false, networkConnectionEnabled=false, chrome={chromedriverVersion=2.28.455520 (cc17746adff54984afff480136733114c6b3704b), userDataDir=C:\Users\Santhu\AppData\Local\Temp\scoped_dir3216_21522}, takesHeapSnapshot=true, pageLoadStrategy=normal, databaseEnabled=false, handlesAlerts=true, hasTouchScreen=false, version=58.0.3029.96, platform=XP, browserConnectionEnabled=false, nativeEvents=true, acceptSslCerts=true, locationContextEnabled=true, webStorageEnabled=true, browserName=chrome, takesScreenshot=true, javascriptEnabled=true, cssSelectorsEnabled=true, unexpectedAlertBehaviour=}]
Session ID: df189bb22aeb4d1541355c14610027d1
	at org.openqa.selenium.remote.ErrorHandler.createThrowable(ErrorHandler.java:216)
	at org.openqa.selenium.remote.ErrorHandler.throwIfResponseFailed(ErrorHandler.java:168)
	at org.openqa.selenium.remote.RemoteWebDriver.execute(RemoteWebDriver.java:638)
	at org.openqa.selenium.remote.RemoteWebElement.execute(RemoteWebElement.java:274)
	at org.openqa.selenium.remote.RemoteWebElement.click(RemoteWebElement.java:84)
	at org.openqa.selenium.support.pagefactory.internal.LocatingElementHandler.invoke(LocatingElementHandler.java:51)
	at com.sun.proxy.$Proxy10.click(Unknown Source)
	at com.lcoportal.pages.HomePage.NavigateToPlans_ReconnectPlans(HomePage.java:218)
	at com.IMCL.tests.Plans_ReconnectThePlanPackTest.testPlans_ReconnectThePlanPackTest(Plans_ReconnectThePlanPackTest.java:15)
... Removed 32 stack frames]]>
    </failure>
  </testcase> <!-- testPlans_ReconnectThePlanPackTest -->
  <testcase name="testAddCreditToTheAccountPlanPageTest" time="81.986" classname="com.IMCL.tests.AddCreditToTheAccountPlanPageTest">
    <failure type="org.openqa.selenium.TimeoutException" message="Expected condition failed: waiting for visibility of Proxy element for: DefaultElementLocator &amp;apos;By.className: btn btn-primary big dpBlk&amp;apos; (tried for 20 second(s) with 500 MILLISECONDS interval)">
      <![CDATA[org.openqa.selenium.TimeoutException: Expected condition failed: waiting for visibility of Proxy element for: DefaultElementLocator 'By.className: btn btn-primary big dpBlk' (tried for 20 second(s) with 500 MILLISECONDS interval)
	at org.openqa.selenium.support.ui.WebDriverWait.timeoutException(WebDriverWait.java:80)
	at org.openqa.selenium.support.ui.FluentWait.until(FluentWait.java:232)
	at com.lcoportal.pages.BasePage.waitTillElementIsVisible(BasePage.java:32)
	at com.credits.lcoportal.imcl.MobikiwikPaymentPage.MobikiwkPaymentGateWayPage(MobikiwikPaymentPage.java:47)
	at com.IMCL.tests.AddCreditToTheAccountPlanPageTest.testAddCreditToTheAccountPlanPageTest(AddCreditToTheAccountPlanPageTest.java:37)
Caused by: org.openqa.selenium.InvalidSelectorException: invalid selector: Compound class names not permitted
  (Session info: chrome=58.0.3029.96)
  (Driver info: chromedriver=2.28.455520 (cc17746adff54984afff480136733114c6b3704b),platform=Windows NT 6.1.7601 SP1 x86_64) (WARNING: The server did not provide any stacktrace information)
Command duration or timeout: 37 milliseconds
For documentation on this error, please visit: http://seleniumhq.org/exceptions/invalid_selector_exception.html
Build info: version: 'unknown', revision: '5234b32', time: '2017-03-10 09:00:17 -0800'
System info: host: 'SANTHOSH', ip: '192.168.91.1', os.name: 'Windows 7', os.arch: 'amd64', os.version: '6.1', java.version: '1.8.0_121'
Driver info: org.openqa.selenium.chrome.ChromeDriver
Capabilities [{applicationCacheEnabled=false, rotatable=false, mobileEmulationEnabled=false, networkConnectionEnabled=false, chrome={chromedriverVersion=2.28.455520 (cc17746adff54984afff480136733114c6b3704b), userDataDir=C:\Users\Santhu\AppData\Local\Temp\scoped_dir3216_21522}, takesHeapSnapshot=true, pageLoadStrategy=normal, databaseEnabled=false, handlesAlerts=true, hasTouchScreen=false, version=58.0.3029.96, platform=XP, browserConnectionEnabled=false, nativeEvents=true, acceptSslCerts=true, locationContextEnabled=true, webStorageEnabled=true, browserName=chrome, takesScreenshot=true, javascriptEnabled=true, cssSelectorsEnabled=true, unexpectedAlertBehaviour=}]
Session ID: df189bb22aeb4d1541355c14610027d1
*** Element info: {Using=class name, value=btn btn-primary big dpBlk}
	at org.openqa.selenium.remote.ErrorHandler.createThrowable(ErrorHandler.java:216)
	at org.openqa.selenium.remote.ErrorHandler.throwIfResponseFailed(ErrorHandler.java:168)
	at org.openqa.selenium.remote.RemoteWebDriver.execute(RemoteWebDriver.java:638)
	at org.openqa.selenium.remote.RemoteWebDriver.findElement(RemoteWebDriver.java:371)
	at org.openqa.selenium.remote.RemoteWebDriver.findElementByClassName(RemoteWebDriver.java:460)
	at org.openqa.selenium.By$ByClassName.findElement(By.java:391)
	at org.openqa.selenium.remote.RemoteWebDriver.findElement(RemoteWebDriver.java:363)
	at org.openqa.selenium.support.pagefactory.DefaultElementLocator.findElement(DefaultElementLocator.java:69)
	at org.openqa.selenium.support.pagefactory.internal.LocatingElementHandler.invoke(LocatingElementHandler.java:38)
	at com.sun.proxy.$Proxy10.isDisplayed(Unknown Source)
	at org.openqa.selenium.support.ui.ExpectedConditions.elementIfVisible(ExpectedConditions.java:305)
	at org.openqa.selenium.support.ui.ExpectedConditions.access$100(ExpectedConditions.java:44)
	at org.openqa.selenium.support.ui.ExpectedConditions$10.apply(ExpectedConditions.java:291)
	at org.openqa.selenium.support.ui.ExpectedConditions$10.apply(ExpectedConditions.java:288)
	at org.openqa.selenium.support.ui.FluentWait.until(FluentWait.java:209)
	... 28 more
... Removed 28 stack frames]]>
    </failure>
  </testcase> <!-- testAddCreditToTheAccountPlanPageTest -->
  <testcase name="testToDownloadActivationButtonTest" time="20.185" classname="com.IMCL.tests.ToDownloadReportSchedulesButtonTest">
    <failure type="org.openqa.selenium.NoSuchElementException" message="no such element: Unable to locate element: {&amp;quot;method&amp;quot;:&amp;quot;xpath&amp;quot;,&amp;quot;selector&amp;quot;:&amp;quot;//div//ul[2]//li[6]//a[@role=&amp;apos;button&amp;apos;]&amp;quot;}
  (Session info: chrome=58.0.3029.96)
  (Driver info: chromedriver=2.28.455520 (cc17746adff54984afff480136733114c6b3704b),platform=Windows NT 6.1.7601 SP1 x86_64) (WARNING: The server did not provide any stacktrace information)
Command duration or timeout: 20.05 seconds
For documentation on this error, please visit: http://seleniumhq.org/exceptions/no_such_element.html
Build info: version: &amp;apos;unknown&amp;apos;, revision: &amp;apos;5234b32&amp;apos;, time: &amp;apos;2017-03-10 09:00:17 -0800&amp;apos;
System info: host: &amp;apos;SANTHOSH&amp;apos;, ip: &amp;apos;192.168.91.1&amp;apos;, os.name: &amp;apos;Windows 7&amp;apos;, os.arch: &amp;apos;amd64&amp;apos;, os.version: &amp;apos;6.1&amp;apos;, java.version: &amp;apos;1.8.0_121&amp;apos;
Driver info: org.openqa.selenium.chrome.ChromeDriver
Capabilities [{applicationCacheEnabled=false, rotatable=false, mobileEmulationEnabled=false, networkConnectionEnabled=false, chrome={chromedriverVersion=2.28.455520 (cc17746adff54984afff480136733114c6b3704b), userDataDir=C:\Users\Santhu\AppData\Local\Temp\scoped_dir3216_21522}, takesHeapSnapshot=true, pageLoadStrategy=normal, databaseEnabled=false, handlesAlerts=true, hasTouchScreen=false, version=58.0.3029.96, platform=XP, browserConnectionEnabled=false, nativeEvents=true, acceptSslCerts=true, locationContextEnabled=true, webStorageEnabled=true, browserName=chrome, takesScreenshot=true, javascriptEnabled=true, cssSelectorsEnabled=true, unexpectedAlertBehaviour=}]
Session ID: df189bb22aeb4d1541355c14610027d1
*** Element info: {Using=xpath, value=//div//ul[2]//li[6]//a[@role=&amp;apos;button&amp;apos;]}">
      <![CDATA[org.openqa.selenium.NoSuchElementException: no such element: Unable to locate element: {"method":"xpath","selector":"//div//ul[2]//li[6]//a[@role='button']"}
  (Session info: chrome=58.0.3029.96)
  (Driver info: chromedriver=2.28.455520 (cc17746adff54984afff480136733114c6b3704b),platform=Windows NT 6.1.7601 SP1 x86_64) (WARNING: The server did not provide any stacktrace information)
Command duration or timeout: 20.05 seconds
For documentation on this error, please visit: http://seleniumhq.org/exceptions/no_such_element.html
Build info: version: 'unknown', revision: '5234b32', time: '2017-03-10 09:00:17 -0800'
System info: host: 'SANTHOSH', ip: '192.168.91.1', os.name: 'Windows 7', os.arch: 'amd64', os.version: '6.1', java.version: '1.8.0_121'
Driver info: org.openqa.selenium.chrome.ChromeDriver
Capabilities [{applicationCacheEnabled=false, rotatable=false, mobileEmulationEnabled=false, networkConnectionEnabled=false, chrome={chromedriverVersion=2.28.455520 (cc17746adff54984afff480136733114c6b3704b), userDataDir=C:\Users\Santhu\AppData\Local\Temp\scoped_dir3216_21522}, takesHeapSnapshot=true, pageLoadStrategy=normal, databaseEnabled=false, handlesAlerts=true, hasTouchScreen=false, version=58.0.3029.96, platform=XP, browserConnectionEnabled=false, nativeEvents=true, acceptSslCerts=true, locationContextEnabled=true, webStorageEnabled=true, browserName=chrome, takesScreenshot=true, javascriptEnabled=true, cssSelectorsEnabled=true, unexpectedAlertBehaviour=}]
Session ID: df189bb22aeb4d1541355c14610027d1
*** Element info: {Using=xpath, value=//div//ul[2]//li[6]//a[@role='button']}
	at org.openqa.selenium.remote.ErrorHandler.createThrowable(ErrorHandler.java:216)
	at org.openqa.selenium.remote.ErrorHandler.throwIfResponseFailed(ErrorHandler.java:168)
	at org.openqa.selenium.remote.RemoteWebDriver.execute(RemoteWebDriver.java:638)
	at org.openqa.selenium.remote.RemoteWebDriver.findElement(RemoteWebDriver.java:371)
	at org.openqa.selenium.remote.RemoteWebDriver.findElementByXPath(RemoteWebDriver.java:476)
	at org.openqa.selenium.By$ByXPath.findElement(By.java:361)
	at org.openqa.selenium.remote.RemoteWebDriver.findElement(RemoteWebDriver.java:363)
	at org.openqa.selenium.support.pagefactory.DefaultElementLocator.findElement(DefaultElementLocator.java:69)
	at org.openqa.selenium.support.pagefactory.internal.LocatingElementHandler.invoke(LocatingElementHandler.java:38)
	at com.sun.proxy.$Proxy10.click(Unknown Source)
	at com.lcoportal.pages.HomePage.NavigateToReports_ActivationReport(HomePage.java:268)
	at com.IMCL.tests.ToDownloadReportSchedulesButtonTest.testToDownloadActivationButtonTest(ToDownloadReportSchedulesButtonTest.java:14)
... Removed 29 stack frames]]>
    </failure>
  </testcase> <!-- testToDownloadActivationButtonTest -->
  <testcase name="testPostPaidPlan_BillsPageTest" time="20.084" classname="com.IMCL.tests.PostPaidPlan_BillsPageTest">
    <failure type="org.openqa.selenium.NoSuchElementException" message="no such element: Unable to locate element: {&amp;quot;method&amp;quot;:&amp;quot;xpath&amp;quot;,&amp;quot;selector&amp;quot;:&amp;quot;//div//ul[2]//li[7]//a[@role=&amp;apos;button&amp;apos;]&amp;quot;}
  (Session info: chrome=58.0.3029.96)
  (Driver info: chromedriver=2.28.455520 (cc17746adff54984afff480136733114c6b3704b),platform=Windows NT 6.1.7601 SP1 x86_64) (WARNING: The server did not provide any stacktrace information)
Command duration or timeout: 20.08 seconds
For documentation on this error, please visit: http://seleniumhq.org/exceptions/no_such_element.html
Build info: version: &amp;apos;unknown&amp;apos;, revision: &amp;apos;5234b32&amp;apos;, time: &amp;apos;2017-03-10 09:00:17 -0800&amp;apos;
System info: host: &amp;apos;SANTHOSH&amp;apos;, ip: &amp;apos;192.168.91.1&amp;apos;, os.name: &amp;apos;Windows 7&amp;apos;, os.arch: &amp;apos;amd64&amp;apos;, os.version: &amp;apos;6.1&amp;apos;, java.version: &amp;apos;1.8.0_121&amp;apos;
Driver info: org.openqa.selenium.chrome.ChromeDriver
Capabilities [{applicationCacheEnabled=false, rotatable=false, mobileEmulationEnabled=false, networkConnectionEnabled=false, chrome={chromedriverVersion=2.28.455520 (cc17746adff54984afff480136733114c6b3704b), userDataDir=C:\Users\Santhu\AppData\Local\Temp\scoped_dir3216_21522}, takesHeapSnapshot=true, pageLoadStrategy=normal, databaseEnabled=false, handlesAlerts=true, hasTouchScreen=false, version=58.0.3029.96, platform=XP, browserConnectionEnabled=false, nativeEvents=true, acceptSslCerts=true, locationContextEnabled=true, webStorageEnabled=true, browserName=chrome, takesScreenshot=true, javascriptEnabled=true, cssSelectorsEnabled=true, unexpectedAlertBehaviour=}]
Session ID: df189bb22aeb4d1541355c14610027d1
*** Element info: {Using=xpath, value=//div//ul[2]//li[7]//a[@role=&amp;apos;button&amp;apos;]}">
      <![CDATA[org.openqa.selenium.NoSuchElementException: no such element: Unable to locate element: {"method":"xpath","selector":"//div//ul[2]//li[7]//a[@role='button']"}
  (Session info: chrome=58.0.3029.96)
  (Driver info: chromedriver=2.28.455520 (cc17746adff54984afff480136733114c6b3704b),platform=Windows NT 6.1.7601 SP1 x86_64) (WARNING: The server did not provide any stacktrace information)
Command duration or timeout: 20.08 seconds
For documentation on this error, please visit: http://seleniumhq.org/exceptions/no_such_element.html
Build info: version: 'unknown', revision: '5234b32', time: '2017-03-10 09:00:17 -0800'
System info: host: 'SANTHOSH', ip: '192.168.91.1', os.name: 'Windows 7', os.arch: 'amd64', os.version: '6.1', java.version: '1.8.0_121'
Driver info: org.openqa.selenium.chrome.ChromeDriver
Capabilities [{applicationCacheEnabled=false, rotatable=false, mobileEmulationEnabled=false, networkConnectionEnabled=false, chrome={chromedriverVersion=2.28.455520 (cc17746adff54984afff480136733114c6b3704b), userDataDir=C:\Users\Santhu\AppData\Local\Temp\scoped_dir3216_21522}, takesHeapSnapshot=true, pageLoadStrategy=normal, databaseEnabled=false, handlesAlerts=true, hasTouchScreen=false, version=58.0.3029.96, platform=XP, browserConnectionEnabled=false, nativeEvents=true, acceptSslCerts=true, locationContextEnabled=true, webStorageEnabled=true, browserName=chrome, takesScreenshot=true, javascriptEnabled=true, cssSelectorsEnabled=true, unexpectedAlertBehaviour=}]
Session ID: df189bb22aeb4d1541355c14610027d1
*** Element info: {Using=xpath, value=//div//ul[2]//li[7]//a[@role='button']}
	at org.openqa.selenium.remote.ErrorHandler.createThrowable(ErrorHandler.java:216)
	at org.openqa.selenium.remote.ErrorHandler.throwIfResponseFailed(ErrorHandler.java:168)
	at org.openqa.selenium.remote.RemoteWebDriver.execute(RemoteWebDriver.java:638)
	at org.openqa.selenium.remote.RemoteWebDriver.findElement(RemoteWebDriver.java:371)
	at org.openqa.selenium.remote.RemoteWebDriver.findElementByXPath(RemoteWebDriver.java:476)
	at org.openqa.selenium.By$ByXPath.findElement(By.java:361)
	at org.openqa.selenium.remote.RemoteWebDriver.findElement(RemoteWebDriver.java:363)
	at org.openqa.selenium.support.pagefactory.DefaultElementLocator.findElement(DefaultElementLocator.java:69)
	at org.openqa.selenium.support.pagefactory.internal.LocatingElementHandler.invoke(LocatingElementHandler.java:38)
	at com.sun.proxy.$Proxy10.click(Unknown Source)
	at com.lcoportal.pages.HomePage.NavigateToPostMenu_Bills(HomePage.java:248)
	at com.IMCL.tests.PostPaidPlan_BillsPageTest.testPostPaidPlan_BillsPageTest(PostPaidPlan_BillsPageTest.java:15)
... Removed 29 stack frames]]>
    </failure>
  </testcase> <!-- testPostPaidPlan_BillsPageTest -->
  <testcase name="testPostPaidMenu_PastPaidPaymentPageTest" time="91.19" classname="com.IMCL.tests.PostPaidMenu_PaostPaidPaymentPageTest"/>
  <testcase name="testHardWareMenu_RetrackTest" time="4.084" classname="com.IMCL.tests.HardWareMenu1_RetrackTest"/>
  <testcase name="testModifyCustomerPageTest" time="19.195" classname="com.IMCL.tests.ModifyCustomerPageTest"/>
  <testcase name="testDownloadRecepitsPageTest" time="19.952" classname="com.IMCL.tests.DownloadRecepitsPageTest"/>
  <testcase name="testChangingProfilePageTest" time="6.637" classname="com.IMCL.tests.ProfileChangingPageTest"/>
  <testcase name="@BeforeSuite initApplication" time="0.0" classname="com.constant.lcoportal.imcl.BaseTest">
    <ignored/>
  </testcase> <!-- @BeforeSuite initApplication -->
  <testcase name="@BeforeSuite initApplication" time="0.0" classname="com.constant.lcoportal.imcl.BaseTest">
    <ignored/>
  </testcase> <!-- @BeforeSuite initApplication -->
  <testcase name="@BeforeSuite initApplication" time="0.0" classname="com.constant.lcoportal.imcl.BaseTest">
    <ignored/>
  </testcase> <!-- @BeforeSuite initApplication -->
  <testcase name="@BeforeSuite initApplication" time="0.0" classname="com.constant.lcoportal.imcl.BaseTest">
    <ignored/>
  </testcase> <!-- @BeforeSuite initApplication -->
  <testcase name="@BeforeSuite initApplication" time="0.0" classname="com.constant.lcoportal.imcl.BaseTest">
    <ignored/>
  </testcase> <!-- @BeforeSuite initApplication -->
  <testcase name="@BeforeSuite initApplication" time="0.0" classname="com.constant.lcoportal.imcl.BaseTest">
    <ignored/>
  </testcase> <!-- @BeforeSuite initApplication -->
  <testcase name="@BeforeSuite initApplication" time="0.0" classname="com.constant.lcoportal.imcl.BaseTest">
    <ignored/>
  </testcase> <!-- @BeforeSuite initApplication -->
  <testcase name="@BeforeSuite initApplication" time="0.0" classname="com.constant.lcoportal.imcl.BaseTest">
    <ignored/>
  </testcase> <!-- @BeforeSuite initApplication -->
  <testcase name="@BeforeSuite initApplication" time="0.0" classname="com.constant.lcoportal.imcl.BaseTest">
    <ignored/>
  </testcase> <!-- @BeforeSuite initApplication -->
  <testcase name="@BeforeSuite initApplication" time="0.0" classname="com.constant.lcoportal.imcl.BaseTest">
    <ignored/>
  </testcase> <!-- @BeforeSuite initApplication -->
  <testcase name="@BeforeSuite initApplication" time="0.0" classname="com.constant.lcoportal.imcl.BaseTest">
    <ignored/>
  </testcase> <!-- @BeforeSuite initApplication -->
  <testcase name="@BeforeSuite initApplication" time="0.0" classname="com.constant.lcoportal.imcl.BaseTest">
    <ignored/>
  </testcase> <!-- @BeforeSuite initApplication -->
  <testcase name="@BeforeSuite initApplication" time="0.0" classname="com.constant.lcoportal.imcl.BaseTest">
    <ignored/>
  </testcase> <!-- @BeforeSuite initApplication -->
  <testcase name="@BeforeSuite initApplication" time="0.0" classname="com.constant.lcoportal.imcl.BaseTest">
    <ignored/>
  </testcase> <!-- @BeforeSuite initApplication -->
  <testcase name="@BeforeSuite initApplication" time="0.0" classname="com.constant.lcoportal.imcl.BaseTest">
    <ignored/>
  </testcase> <!-- @BeforeSuite initApplication -->
  <testcase name="@BeforeSuite initApplication" time="0.0" classname="com.constant.lcoportal.imcl.BaseTest">
    <ignored/>
  </testcase> <!-- @BeforeSuite initApplication -->
  <testcase name="@BeforeSuite initApplication" time="0.0" classname="com.constant.lcoportal.imcl.BaseTest">
    <ignored/>
  </testcase> <!-- @BeforeSuite initApplication -->
  <testcase name="@AfterSuite closeFrameWork" time="0.0" classname="com.constant.lcoportal.imcl.BaseTest">
    <ignored/>
  </testcase> <!-- @AfterSuite closeFrameWork -->
  <testcase name="@AfterSuite closeFrameWork" time="0.0" classname="com.constant.lcoportal.imcl.BaseTest">
    <ignored/>
  </testcase> <!-- @AfterSuite closeFrameWork -->
  <testcase name="@AfterSuite closeFrameWork" time="0.0" classname="com.constant.lcoportal.imcl.BaseTest">
    <ignored/>
  </testcase> <!-- @AfterSuite closeFrameWork -->
  <testcase name="@AfterSuite closeFrameWork" time="0.0" classname="com.constant.lcoportal.imcl.BaseTest">
    <ignored/>
  </testcase> <!-- @AfterSuite closeFrameWork -->
  <testcase name="@AfterSuite closeFrameWork" time="0.0" classname="com.constant.lcoportal.imcl.BaseTest">
    <ignored/>
  </testcase> <!-- @AfterSuite closeFrameWork -->
  <testcase name="@AfterSuite closeFrameWork" time="0.0" classname="com.constant.lcoportal.imcl.BaseTest">
    <ignored/>
  </testcase> <!-- @AfterSuite closeFrameWork -->
  <testcase name="@AfterSuite closeFrameWork" time="0.0" classname="com.constant.lcoportal.imcl.BaseTest">
    <ignored/>
  </testcase> <!-- @AfterSuite closeFrameWork -->
  <testcase name="@AfterSuite closeFrameWork" time="0.0" classname="com.constant.lcoportal.imcl.BaseTest">
    <ignored/>
  </testcase> <!-- @AfterSuite closeFrameWork -->
  <testcase name="@AfterSuite closeFrameWork" time="0.0" classname="com.constant.lcoportal.imcl.BaseTest">
    <ignored/>
  </testcase> <!-- @AfterSuite closeFrameWork -->
  <testcase name="@AfterSuite closeFrameWork" time="0.0" classname="com.constant.lcoportal.imcl.BaseTest">
    <ignored/>
  </testcase> <!-- @AfterSuite closeFrameWork -->
  <testcase name="@AfterSuite closeFrameWork" time="0.0" classname="com.constant.lcoportal.imcl.BaseTest">
    <ignored/>
  </testcase> <!-- @AfterSuite closeFrameWork -->
  <testcase name="@AfterSuite closeFrameWork" time="0.0" classname="com.constant.lcoportal.imcl.BaseTest">
    <ignored/>
  </testcase> <!-- @AfterSuite closeFrameWork -->
  <testcase name="@AfterSuite closeFrameWork" time="0.0" classname="com.constant.lcoportal.imcl.BaseTest">
    <ignored/>
  </testcase> <!-- @AfterSuite closeFrameWork -->
  <testcase name="@AfterSuite closeFrameWork" time="0.0" classname="com.constant.lcoportal.imcl.BaseTest">
    <ignored/>
  </testcase> <!-- @AfterSuite closeFrameWork -->
  <testcase name="@AfterSuite closeFrameWork" time="0.0" classname="com.constant.lcoportal.imcl.BaseTest">
    <ignored/>
  </testcase> <!-- @AfterSuite closeFrameWork -->
  <testcase name="@AfterSuite closeFrameWork" time="0.0" classname="com.constant.lcoportal.imcl.BaseTest">
    <ignored/>
  </testcase> <!-- @AfterSuite closeFrameWork -->
  <testcase name="@AfterSuite closeFrameWork" time="0.0" classname="com.constant.lcoportal.imcl.BaseTest">
    <ignored/>
  </testcase> <!-- @AfterSuite closeFrameWork -->
</testsuite> <!-- TestCases -->
