<?xml version="1.0" encoding="UTF-8"?>
<!-- Generated by org.testng.reporters.JUnitXMLReporter -->
<testsuite hostname="Santhosh" ignored="38" name="Test" tests="20" failures="0" timestamp="17 Jul 2017 17:22:50 GMT" time="0.078" errors="0">
  <testcase name="@BeforeSuite initApplication" time="33.998" classname="com.constant.lcoportal.imcl.BaseTest">
    <failure type="org.openqa.selenium.NoSuchElementException" message="no such element: Unable to locate element: {&amp;quot;method&amp;quot;:&amp;quot;xpath&amp;quot;,&amp;quot;selector&amp;quot;:&amp;quot;//div[@class=&amp;apos;login-form well&amp;apos;]//a&amp;quot;}
  (Session info: chrome=59.0.3071.115)
  (Driver info: chromedriver=2.28.455520 (cc17746adff54984afff480136733114c6b3704b),platform=Windows NT 6.1.7601 SP1 x86_64) (WARNING: The server did not provide any stacktrace information)
Command duration or timeout: 20.05 seconds
For documentation on this error, please visit: http://seleniumhq.org/exceptions/no_such_element.html
Build info: version: &amp;apos;unknown&amp;apos;, revision: &amp;apos;5234b32&amp;apos;, time: &amp;apos;2017-03-10 09:00:17 -0800&amp;apos;
System info: host: &amp;apos;SANTHOSH&amp;apos;, ip: &amp;apos;192.168.91.1&amp;apos;, os.name: &amp;apos;Windows 7&amp;apos;, os.arch: &amp;apos;amd64&amp;apos;, os.version: &amp;apos;6.1&amp;apos;, java.version: &amp;apos;1.8.0_121&amp;apos;
Driver info: org.openqa.selenium.chrome.ChromeDriver
Capabilities [{applicationCacheEnabled=false, rotatable=false, mobileEmulationEnabled=false, networkConnectionEnabled=false, chrome={chromedriverVersion=2.28.455520 (cc17746adff54984afff480136733114c6b3704b), userDataDir=C:\Users\Santhu\AppData\Local\Temp\scoped_dir17468_17948}, takesHeapSnapshot=true, pageLoadStrategy=normal, databaseEnabled=false, handlesAlerts=true, hasTouchScreen=false, version=59.0.3071.115, platform=XP, browserConnectionEnabled=false, nativeEvents=true, acceptSslCerts=true, locationContextEnabled=true, webStorageEnabled=true, browserName=chrome, takesScreenshot=true, javascriptEnabled=true, cssSelectorsEnabled=true, unexpectedAlertBehaviour=}]
Session ID: 3066fc4f816a3e5dc783a3ca3fd5d5ed
*** Element info: {Using=xpath, value=//div[@class=&amp;apos;login-form well&amp;apos;]//a}">
      <![CDATA[org.openqa.selenium.NoSuchElementException: no such element: Unable to locate element: {"method":"xpath","selector":"//div[@class='login-form well']//a"}
  (Session info: chrome=59.0.3071.115)
  (Driver info: chromedriver=2.28.455520 (cc17746adff54984afff480136733114c6b3704b),platform=Windows NT 6.1.7601 SP1 x86_64) (WARNING: The server did not provide any stacktrace information)
Command duration or timeout: 20.05 seconds
For documentation on this error, please visit: http://seleniumhq.org/exceptions/no_such_element.html
Build info: version: 'unknown', revision: '5234b32', time: '2017-03-10 09:00:17 -0800'
System info: host: 'SANTHOSH', ip: '192.168.91.1', os.name: 'Windows 7', os.arch: 'amd64', os.version: '6.1', java.version: '1.8.0_121'
Driver info: org.openqa.selenium.chrome.ChromeDriver
Capabilities [{applicationCacheEnabled=false, rotatable=false, mobileEmulationEnabled=false, networkConnectionEnabled=false, chrome={chromedriverVersion=2.28.455520 (cc17746adff54984afff480136733114c6b3704b), userDataDir=C:\Users\Santhu\AppData\Local\Temp\scoped_dir17468_17948}, takesHeapSnapshot=true, pageLoadStrategy=normal, databaseEnabled=false, handlesAlerts=true, hasTouchScreen=false, version=59.0.3071.115, platform=XP, browserConnectionEnabled=false, nativeEvents=true, acceptSslCerts=true, locationContextEnabled=true, webStorageEnabled=true, browserName=chrome, takesScreenshot=true, javascriptEnabled=true, cssSelectorsEnabled=true, unexpectedAlertBehaviour=}]
Session ID: 3066fc4f816a3e5dc783a3ca3fd5d5ed
*** Element info: {Using=xpath, value=//div[@class='login-form well']//a}
	at org.openqa.selenium.remote.ErrorHandler.createThrowable(ErrorHandler.java:216)
	at org.openqa.selenium.remote.ErrorHandler.throwIfResponseFailed(ErrorHandler.java:168)
	at org.openqa.selenium.remote.RemoteWebDriver.execute(RemoteWebDriver.java:638)
	at org.openqa.selenium.remote.RemoteWebDriver.findElement(RemoteWebDriver.java:371)
	at org.openqa.selenium.remote.RemoteWebDriver.findElementByXPath(RemoteWebDriver.java:476)
	at org.openqa.selenium.By$ByXPath.findElement(By.java:361)
	at org.openqa.selenium.remote.RemoteWebDriver.findElement(RemoteWebDriver.java:363)
	at com.constant.lcoportal.imcl.BaseTest.preCondition(BaseTest.java:158)
	at com.constant.lcoportal.imcl.BaseTest.initApplication(BaseTest.java:119)
... Removed 23 stack frames]]>
    </failure>
  </testcase> <!-- @BeforeSuite initApplication -->
  <testcase name="testHardWareMenu_RetrackTest" time="0.0" classname="com.IMCL.tests.HardWareMenu1_RetrackTest">
    <skipped/>
  </testcase> <!-- testHardWareMenu_RetrackTest -->
  <testcase name="testModifyCustomerPageTest" time="0.0" classname="com.IMCL.tests.ModifyCustomerPageTest">
    <skipped/>
  </testcase> <!-- testModifyCustomerPageTest -->
  <testcase name="testPlans_ReconnectThePlanPackTest" time="0.0" classname="com.IMCL.tests.Plans_ReconnectThePlanPackTest">
    <skipped/>
  </testcase> <!-- testPlans_ReconnectThePlanPackTest -->
  <testcase name="testDownloadRecepitsPageTest" time="0.0" classname="com.IMCL.tests.DownloadRecepitsPageTest">
    <skipped/>
  </testcase> <!-- testDownloadRecepitsPageTest -->
  <testcase name="testPostPaidMenu_PastPaidPaymentPageTest" time="0.0" classname="com.IMCL.tests.PostPaidMenu_PostPaidPaymentPageTest">
    <skipped/>
  </testcase> <!-- testPostPaidMenu_PastPaidPaymentPageTest -->
  <testcase name="testTickectsPageTest" time="0.0" classname="com.IMCL.tests.TickectsPageTest">
    <skipped/>
  </testcase> <!-- testTickectsPageTest -->
  <testcase name="testAddRenewHDBasePackPageValidationTest" time="0.0" classname="com.IMCL.tests.AddRenewHDBasePackPageValidationTest">
    <skipped/>
  </testcase> <!-- testAddRenewHDBasePackPageValidationTest -->
  <testcase name="testAddRenewPlanPageValidation" time="0.0" classname="com.IMCL.tests.AddRenewPlanPageValidationTest">
    <skipped/>
  </testcase> <!-- testAddRenewPlanPageValidation -->
  <testcase name="testIsBulkActivateButtonPresent" time="0.0" classname="com.IMCL.tests.AddAddOnPackValidationTest">
    <skipped/>
  </testcase> <!-- testIsBulkActivateButtonPresent -->
  <testcase name="testAddBasePackValidationTest" time="0.0" classname="com.IMCL.tests.AddBasePackValidationTest">
    <skipped/>
  </testcase> <!-- testAddBasePackValidationTest -->
  <testcase name="testAddCreditFromWalletToAccountPlanPage" time="0.0" classname="com.IMCL.tests.AddCreditFromWalletToAccountPlanPage">
    <skipped/>
  </testcase> <!-- testAddCreditFromWalletToAccountPlanPage -->
  <testcase name="testChangePasswordPageTest" time="0.0" classname="com.IMCL.tests.ChangePasswordPageTest">
    <skipped/>
  </testcase> <!-- testChangePasswordPageTest -->
  <testcase name="testToDownloadActivationButtonTest" time="0.0" classname="com.IMCL.tests.ToDownloadReportSchedulesButtonTest">
    <skipped/>
  </testcase> <!-- testToDownloadActivationButtonTest -->
  <testcase name="testAddPlansDisconnectPlanPageTest" time="0.0" classname="com.IMCL.tests.AddPlansDisconnectPlanPageTest">
    <skipped/>
  </testcase> <!-- testAddPlansDisconnectPlanPageTest -->
  <testcase name="testChangingProfilePageTest" time="0.0" classname="com.IMCL.tests.ProfileChangingPageTest">
    <skipped/>
  </testcase> <!-- testChangingProfilePageTest -->
  <testcase name="testAddRenewChangeBasePackPlanValidationTest" time="0.0" classname="com.IMCL.tests.AddRenewChangeBasePackPlanValidationTest">
    <skipped/>
  </testcase> <!-- testAddRenewChangeBasePackPlanValidationTest -->
  <testcase name="testAddCreditToTheAccountPlanPageTest" time="0.0" classname="com.IMCL.tests.AddCreditFromCardToTheAccountPlanPageTest">
    <skipped/>
  </testcase> <!-- testAddCreditToTheAccountPlanPageTest -->
  <testcase name="testPostPaidPlan_BillsPageTest" time="0.0" classname="com.IMCL.tests.PostPaidPlan_BillsPageTest">
    <skipped/>
  </testcase> <!-- testPostPaidPlan_BillsPageTest -->
  <testcase name="testAddSchemeBasedPackValidationTest" time="0.0" classname="com.IMCL.tests.AddSchemeBasedPackValidationTest">
    <skipped/>
  </testcase> <!-- testAddSchemeBasedPackValidationTest -->
  <testcase name="testAddRenewChangeValidityPlanPageValidationTest" time="0.0" classname="com.IMCL.tests.AddRenewChangeValidityPlanPageValidationTest">
    <skipped/>
  </testcase> <!-- testAddRenewChangeValidityPlanPageValidationTest -->
  <testcase name="@BeforeSuite initApplication" time="0.0" classname="com.constant.lcoportal.imcl.BaseTest">
    <ignored/>
  </testcase> <!-- @BeforeSuite initApplication -->
  <testcase name="@BeforeSuite initApplication" time="0.0" classname="com.constant.lcoportal.imcl.BaseTest">
    <ignored/>
  </testcase> <!-- @BeforeSuite initApplication -->
  <testcase name="@BeforeSuite initApplication" time="0.0" classname="com.constant.lcoportal.imcl.BaseTest">
    <ignored/>
  </testcase> <!-- @BeforeSuite initApplication -->
  <testcase name="@BeforeSuite initApplication" time="0.0" classname="com.constant.lcoportal.imcl.BaseTest">
    <ignored/>
  </testcase> <!-- @BeforeSuite initApplication -->
  <testcase name="@BeforeSuite initApplication" time="0.0" classname="com.constant.lcoportal.imcl.BaseTest">
    <ignored/>
  </testcase> <!-- @BeforeSuite initApplication -->
  <testcase name="@BeforeSuite initApplication" time="0.0" classname="com.constant.lcoportal.imcl.BaseTest">
    <ignored/>
  </testcase> <!-- @BeforeSuite initApplication -->
  <testcase name="@BeforeSuite initApplication" time="0.0" classname="com.constant.lcoportal.imcl.BaseTest">
    <ignored/>
  </testcase> <!-- @BeforeSuite initApplication -->
  <testcase name="@BeforeSuite initApplication" time="0.0" classname="com.constant.lcoportal.imcl.BaseTest">
    <ignored/>
  </testcase> <!-- @BeforeSuite initApplication -->
  <testcase name="@BeforeSuite initApplication" time="0.0" classname="com.constant.lcoportal.imcl.BaseTest">
    <ignored/>
  </testcase> <!-- @BeforeSuite initApplication -->
  <testcase name="@BeforeSuite initApplication" time="0.0" classname="com.constant.lcoportal.imcl.BaseTest">
    <ignored/>
  </testcase> <!-- @BeforeSuite initApplication -->
  <testcase name="@BeforeSuite initApplication" time="0.0" classname="com.constant.lcoportal.imcl.BaseTest">
    <ignored/>
  </testcase> <!-- @BeforeSuite initApplication -->
  <testcase name="@BeforeSuite initApplication" time="0.0" classname="com.constant.lcoportal.imcl.BaseTest">
    <ignored/>
  </testcase> <!-- @BeforeSuite initApplication -->
  <testcase name="@BeforeSuite initApplication" time="0.0" classname="com.constant.lcoportal.imcl.BaseTest">
    <ignored/>
  </testcase> <!-- @BeforeSuite initApplication -->
  <testcase name="@BeforeSuite initApplication" time="0.0" classname="com.constant.lcoportal.imcl.BaseTest">
    <ignored/>
  </testcase> <!-- @BeforeSuite initApplication -->
  <testcase name="@BeforeSuite initApplication" time="0.0" classname="com.constant.lcoportal.imcl.BaseTest">
    <ignored/>
  </testcase> <!-- @BeforeSuite initApplication -->
  <testcase name="@BeforeSuite initApplication" time="0.0" classname="com.constant.lcoportal.imcl.BaseTest">
    <ignored/>
  </testcase> <!-- @BeforeSuite initApplication -->
  <testcase name="@BeforeSuite initApplication" time="0.0" classname="com.constant.lcoportal.imcl.BaseTest">
    <ignored/>
  </testcase> <!-- @BeforeSuite initApplication -->
  <testcase name="@BeforeSuite initApplication" time="0.0" classname="com.constant.lcoportal.imcl.BaseTest">
    <ignored/>
  </testcase> <!-- @BeforeSuite initApplication -->
  <testcase name="@BeforeSuite initApplication" time="0.0" classname="com.constant.lcoportal.imcl.BaseTest">
    <ignored/>
  </testcase> <!-- @BeforeSuite initApplication -->
  <testcase name="@AfterSuite closeFrameWork" time="0.0" classname="com.constant.lcoportal.imcl.BaseTest">
    <ignored/>
  </testcase> <!-- @AfterSuite closeFrameWork -->
  <testcase name="@AfterSuite closeFrameWork" time="0.0" classname="com.constant.lcoportal.imcl.BaseTest">
    <ignored/>
  </testcase> <!-- @AfterSuite closeFrameWork -->
  <testcase name="@AfterSuite closeFrameWork" time="0.0" classname="com.constant.lcoportal.imcl.BaseTest">
    <ignored/>
  </testcase> <!-- @AfterSuite closeFrameWork -->
  <testcase name="@AfterSuite closeFrameWork" time="0.0" classname="com.constant.lcoportal.imcl.BaseTest">
    <ignored/>
  </testcase> <!-- @AfterSuite closeFrameWork -->
  <testcase name="@AfterSuite closeFrameWork" time="0.0" classname="com.constant.lcoportal.imcl.BaseTest">
    <ignored/>
  </testcase> <!-- @AfterSuite closeFrameWork -->
  <testcase name="@AfterSuite closeFrameWork" time="0.0" classname="com.constant.lcoportal.imcl.BaseTest">
    <ignored/>
  </testcase> <!-- @AfterSuite closeFrameWork -->
  <testcase name="@AfterSuite closeFrameWork" time="0.0" classname="com.constant.lcoportal.imcl.BaseTest">
    <ignored/>
  </testcase> <!-- @AfterSuite closeFrameWork -->
  <testcase name="@AfterSuite closeFrameWork" time="0.0" classname="com.constant.lcoportal.imcl.BaseTest">
    <ignored/>
  </testcase> <!-- @AfterSuite closeFrameWork -->
  <testcase name="@AfterSuite closeFrameWork" time="0.0" classname="com.constant.lcoportal.imcl.BaseTest">
    <ignored/>
  </testcase> <!-- @AfterSuite closeFrameWork -->
  <testcase name="@AfterSuite closeFrameWork" time="0.0" classname="com.constant.lcoportal.imcl.BaseTest">
    <ignored/>
  </testcase> <!-- @AfterSuite closeFrameWork -->
  <testcase name="@AfterSuite closeFrameWork" time="0.0" classname="com.constant.lcoportal.imcl.BaseTest">
    <ignored/>
  </testcase> <!-- @AfterSuite closeFrameWork -->
  <testcase name="@AfterSuite closeFrameWork" time="0.0" classname="com.constant.lcoportal.imcl.BaseTest">
    <ignored/>
  </testcase> <!-- @AfterSuite closeFrameWork -->
  <testcase name="@AfterSuite closeFrameWork" time="0.0" classname="com.constant.lcoportal.imcl.BaseTest">
    <ignored/>
  </testcase> <!-- @AfterSuite closeFrameWork -->
  <testcase name="@AfterSuite closeFrameWork" time="0.0" classname="com.constant.lcoportal.imcl.BaseTest">
    <ignored/>
  </testcase> <!-- @AfterSuite closeFrameWork -->
  <testcase name="@AfterSuite closeFrameWork" time="0.0" classname="com.constant.lcoportal.imcl.BaseTest">
    <ignored/>
  </testcase> <!-- @AfterSuite closeFrameWork -->
  <testcase name="@AfterSuite closeFrameWork" time="0.0" classname="com.constant.lcoportal.imcl.BaseTest">
    <ignored/>
  </testcase> <!-- @AfterSuite closeFrameWork -->
  <testcase name="@AfterSuite closeFrameWork" time="0.0" classname="com.constant.lcoportal.imcl.BaseTest">
    <ignored/>
  </testcase> <!-- @AfterSuite closeFrameWork -->
  <testcase name="@AfterSuite closeFrameWork" time="0.0" classname="com.constant.lcoportal.imcl.BaseTest">
    <ignored/>
  </testcase> <!-- @AfterSuite closeFrameWork -->
  <testcase name="@AfterSuite closeFrameWork" time="0.0" classname="com.constant.lcoportal.imcl.BaseTest">
    <ignored/>
  </testcase> <!-- @AfterSuite closeFrameWork -->
</testsuite> <!-- Test -->
